<?xml version="1.0" encoding="UTF-8"?>
<testsuite name="com.thoughtworks.oobootcamp.ParkingManagerTest" tests="2" skipped="0" failures="0" errors="0" timestamp="2018-09-15T10:25:18" hostname="Xianjing-2.local" time="0.013">
  <properties/>
  <testcase name="should_park_success()" classname="com.thoughtworks.oobootcamp.ParkingManagerTest" time="0.011"/>
  <testcase name="should_pickup_success()" classname="com.thoughtworks.oobootcamp.ParkingManagerTest" time="0.001"/>
  <system-out><![CDATA[]]></system-out>
  <system-err><![CDATA[]]></system-err>
</testsuite>
